{"/Users/paulamuldoon/dev/learning/bowling-challenge/src/scorecard.ts": {"path":"/Users/paulamuldoon/dev/learning/bowling-challenge/src/scorecard.ts","statementMap":{"0":{"start":{"line":1,"column":23},"end":{"line":1,"column":25}},"1":{"start":{"line":2,"column":0},"end":{"line":2,"column":13}},"2":{"start":{"line":2,"column":25},"end":{"line":2,"column":78}},"3":{"start":{"line":2,"column":78},"end":{"line":2,"column":null}},"4":{"start":{"line":2,"column":13},"end":{"line":2,"column":22}}},"fnMap":{"0":{"name":"(anonymous_0)","decl":{"start":{"line":2,"column":0},"end":{"line":2,"column":13}},"loc":{"start":{"line":2,"column":0},"end":{"line":2,"column":-1}}}},"branchMap":{},"s":{"0":1,"1":1,"2":1,"3":1,"4":1},"f":{"0":2},"b":{}}
}
